# dmidecode 3.5
Getting SMBIOS data from sysfs.
SMBIOS 3.5.0 present.
Table at 0x8C7BF000.

Handle 0x0000, DMI type 0, 26 bytes
BIOS Information
	Vendor: American Megatrends Inc.
	Version: 1104
	Release Date: 10/23/2025
	Address: 0xF0000
	Runtime Size: 64 kB
	ROM Size: 32 MB
	Characteristics:
		PCI is supported
		BIOS is upgradeable
		BIOS shadowing is allowed
		Boot from CD is supported
		Selectable boot is supported
		BIOS ROM is socketed
		EDD is supported
		ACPI is supported
		BIOS boot specification is supported
		Targeted content distribution is supported
		UEFI is supported
	BIOS Revision: 11.4

Handle 0x0001, DMI type 1, 27 bytes
System Information
	Manufacturer: ASUSTeK COMPUTER INC.
	Product Name: ESC8000A-E13P
	Version: sku1-Dual
	Serial Number: T9S0CG000107
	UUID: 842559a8-9ed2-4b18-fa06-861618700035
	Wake-up Type: Power Switch
	SKU Number: SKU
	Family: Server

Handle 0x0002, DMI type 2, 15 bytes
Base Board Information
	Manufacturer: ASUSTeK COMPUTER INC.
	Product Name: K15PG-D24 Series
	Version: 60SB0D93-SB0A01
	Serial Number: 250861618700035
	Asset Tag: To be filled by O.E.M.
	Features:
		Board is a hosting board
		Board is removable
		Board is replaceable
	Location In Chassis: Default string
	Chassis Handle: 0x0003
	Type: Motherboard
	Contained Object Handles: 0

Handle 0x0003, DMI type 3, 22 bytes
Chassis Information
	Manufacturer: ASUSTeK COMPUTER INC.
	Type: Rack Mount Chassis
	Lock: Not Present
	Version: 13SF0400AM0131
	Serial Number: I025280235
	Asset Tag: To be filled by O.E.M.
	Boot-up State: Safe
	Power Supply State: Safe
	Thermal State: Safe
	Security Status: None
	OEM Information: 0x00000000
	Height: Unspecified
	Number Of Power Cords: 1
	Contained Elements: 0
	SKU Number: Default string

Handle 0x0004, DMI type 8, 9 bytes
Port Connector Information
	Internal Reference Designator: NULL
	Internal Connector Type: None
	External Reference Designator: DM_LAN1
	External Connector Type: RJ-45
	Port Type: Network Port

Handle 0x0005, DMI type 8, 9 bytes
Port Connector Information
	Internal Reference Designator: NULL
	Internal Connector Type: None
	External Reference Designator: Mini_DP
	External Connector Type: DB-15 female
	Port Type: Video Port

Handle 0x0006, DMI type 8, 9 bytes
Port Connector Information
	Internal Reference Designator: NULL
	Internal Connector Type: None
	External Reference Designator: U31G1_1
	External Connector Type: Access Bus (USB)
	Port Type: USB

Handle 0x0007, DMI type 8, 9 bytes
Port Connector Information
	Internal Reference Designator: NULL
	Internal Connector Type: None
	External Reference Designator: U31G1_2
	External Connector Type: Access Bus (USB)
	Port Type: USB

Handle 0x0008, DMI type 8, 9 bytes
Port Connector Information
	Internal Reference Designator: NULL
	Internal Connector Type: None
	External Reference Designator: U31G1_3
	External Connector Type: Access Bus (USB)
	Port Type: USB

Handle 0x0009, DMI type 10, 6 bytes
On Board Device Information
	Type: Video
	Status: Enabled
	Description: AST 2600

Handle 0x000A, DMI type 11, 5 bytes
OEM Strings
	String 1: Default string
	String 2: Default string
	String 3: Default string
	String 4: Default string
	String 5: Default string
	String 6: Default string

Handle 0x000B, DMI type 12, 5 bytes
System Configuration Options
	Option 1: Default string

Handle 0x000C, DMI type 32, 20 bytes
System Boot Information
	Status: No errors detected

Handle 0x000D, DMI type 26, 22 bytes
Voltage Probe
	Description: LM78A
	Location: Power Unit
	Status: OK
	Maximum Value: Unknown
	Minimum Value: Unknown
	Resolution: Unknown
	Tolerance: Unknown
	Accuracy: Unknown
	OEM-specific Information: 0x00000000
	Nominal Value: Unknown

Handle 0x000E, DMI type 28, 22 bytes
Temperature Probe
	Description: LM78A
	Location: Power Unit
	Status: OK
	Maximum Value: Unknown
	Minimum Value: Unknown
	Resolution: Unknown
	Tolerance: Unknown
	Accuracy: Unknown
	OEM-specific Information: 0x00000000
	Nominal Value: Unknown

Handle 0x000F, DMI type 27, 15 bytes
Cooling Device
	Temperature Probe Handle: 0x000E
	Type: Power Supply Fan
	Status: OK
	Cooling Unit Group: 1
	OEM-specific Information: 0x00000000
	Nominal Speed: Unknown Or Non-rotating
	Description: Cooling Dev 1

Handle 0x0010, DMI type 29, 22 bytes
Electrical Current Probe
	Description: ABC
	Location: Power Unit
	Status: OK
	Maximum Value: Unknown
	Minimum Value: Unknown
	Resolution: Unknown
	Tolerance: Unknown
	Accuracy: Unknown
	OEM-specific Information: 0x00000000
	Nominal Value: Unknown

Handle 0x0011, DMI type 39, 22 bytes
System Power Supply
	Power Unit Group: 1
	Location: PSU1
	Name: ECDL3200120
	Manufacturer: Delta
	Serial Number: DGPLJ2529073X
	Asset Tag: To Be Filled by O.E.M.
	Model Part Number: ECDL3200120
	Revision: P2   
	Max Power Capacity: 3200 W
	Status: Present, OK
	Type: Switching
	Input Voltage Range Switching: Auto-switch
	Plugged: Yes
	Hot Replaceable: Yes
	Input Voltage Probe Handle: 0x0016
	Cooling Device Handle: 0x0018
	Input Current Probe Handle: 0x0019

Handle 0x0012, DMI type 39, 22 bytes
System Power Supply
	Power Unit Group: 1
	Location: PSU2
	Name: ECDL3200120
	Manufacturer: Delta
	Serial Number: DGPLJ25290751
	Asset Tag: To Be Filled by O.E.M.
	Model Part Number: ECDL3200120
	Revision: P2   
	Max Power Capacity: 3200 W
	Status: Present, OK
	Type: Switching
	Input Voltage Range Switching: Auto-switch
	Plugged: Yes
	Hot Replaceable: Yes
	Input Voltage Probe Handle: 0x0016
	Cooling Device Handle: 0x0018
	Input Current Probe Handle: 0x0019

Handle 0x0013, DMI type 39, 22 bytes
System Power Supply
	Power Unit Group: 1
	Location: PSU3
	Name: ECDL3200120
	Manufacturer: Delta
	Serial Number: DGPLJ25290758
	Asset Tag: To Be Filled by O.E.M.
	Model Part Number: ECDL3200120
	Revision: P2   
	Max Power Capacity: 3200 W
	Status: Present, OK
	Type: Switching
	Input Voltage Range Switching: Auto-switch
	Plugged: Yes
	Hot Replaceable: Yes
	Input Voltage Probe Handle: 0x0016
	Cooling Device Handle: 0x0018
	Input Current Probe Handle: 0x0019

Handle 0x0014, DMI type 39, 22 bytes
System Power Supply
	Power Unit Group: 1
	Location: PSU4
	Name: ECDL3200120
	Manufacturer: Delta
	Serial Number: DGPLJ25290750
	Asset Tag: To Be Filled by O.E.M.
	Model Part Number: ECDL3200120
	Revision: P2   
	Max Power Capacity: 3200 W
	Status: Present, OK
	Type: Switching
	Input Voltage Range Switching: Auto-switch
	Plugged: Yes
	Hot Replaceable: Yes
	Input Voltage Probe Handle: 0x0016
	Cooling Device Handle: 0x0018
	Input Current Probe Handle: 0x0019

Handle 0x0015, DMI type 39, 22 bytes
System Power Supply
	Power Unit Group: 5
	Location: To Be Filled By O.E.M.
	Name: To Be Filled By O.E.M.
	Manufacturer: To Be Filled By O.E.M.
	Serial Number: To Be Filled By O.E.M.
	Asset Tag: To Be Filled By O.E.M.
	Model Part Number: To Be Filled By O.E.M.
	Revision: To Be Filled By O.E.M.
	Max Power Capacity: Unknown
	Status: Not Present
	Type: Switching
	Input Voltage Range Switching: Auto-switch
	Plugged: Yes
	Hot Replaceable: No

Handle 0x0016, DMI type 39, 22 bytes
System Power Supply
	Power Unit Group: 6
	Location: To Be Filled By O.E.M.
	Name: To Be Filled By O.E.M.
	Manufacturer: To Be Filled By O.E.M.
	Serial Number: To Be Filled By O.E.M.
	Asset Tag: To Be Filled By O.E.M.
	Model Part Number: To Be Filled By O.E.M.
	Revision: To Be Filled By O.E.M.
	Max Power Capacity: Unknown
	Status: Not Present
	Type: Switching
	Input Voltage Range Switching: Auto-switch
	Plugged: Yes
	Hot Replaceable: No

Handle 0x0017, DMI type 41, 11 bytes
Onboard Device
	Reference Designation: ASPEED 2600
	Type: Video
	Status: Enabled
	Type Instance: 1
	Bus Address: 0000:52:00.0

Handle 0x0018, DMI type 44, 9 bytes
Unknown Type
	Header and Data:
		2C 09 18 00 FF FF 01 01 00

Handle 0x0019, DMI type 38, 18 bytes
IPMI Device Information
	Interface Type: KCS (Keyboard Control Style)
	Specification Version: 2.0
	I2C Slave Address: 0x10
	NV Storage Device Address: 0
	Base Address: 0x0000000000000CA2 (I/O)
	Register Spacing: Successive Byte Boundaries

Handle 0x001A, DMI type 45, 26 bytes
Firmware Inventory Information
	Firmware Component Name: BMC Firmware
	Firmware Version: 1.01
	Firmware ID: Not Specified
	Release Date: Not Specified
	Manufacturer: A3F
	Lowest Supported Firmware Version: Not Specified
	Image Size: Unknown
	Characteristics:
		Updatable: Yes
		Write-Protect: No
	State: Enabled
	Associated Components: 1
		0x0019

Handle 0x001B, DMI type 42, 17 bytes
Management Controller Host Interface
	Host Interface Type: KCS: Keyboard Controller Style

Handle 0x001C, DMI type 15, 73 bytes
System Event Log
	Area Length: 65535 bytes
	Header Start Offset: 0x0000
	Header Length: 16 bytes
	Data Start Offset: 0x0010
	Access Method: Memory-mapped physical 32-bit address
	Access Address: 0xFF920000
	Status: Valid, Not Full
	Change Token: 0x00000006
	Header Format: Type 1
	Supported Log Type Descriptors: 25
	Descriptor 1: Single-bit ECC memory error
	Data Format 1: Multiple-event handle
	Descriptor 2: Multi-bit ECC memory error
	Data Format 2: Multiple-event handle
	Descriptor 3: Parity memory error
	Data Format 3: None
	Descriptor 4: Bus timeout
	Data Format 4: None
	Descriptor 5: I/O channel block
	Data Format 5: None
	Descriptor 6: Software NMI
	Data Format 6: None
	Descriptor 7: POST memory resize
	Data Format 7: None
	Descriptor 8: POST error
	Data Format 8: POST results bitmap
	Descriptor 9: PCI parity error
	Data Format 9: Multiple-event handle
	Descriptor 10: PCI system error
	Data Format 10: Multiple-event handle
	Descriptor 11: CPU failure
	Data Format 11: None
	Descriptor 12: EISA failsafe timer timeout
	Data Format 12: None
	Descriptor 13: Correctable memory log disabled
	Data Format 13: None
	Descriptor 14: Logging disabled
	Data Format 14: None
	Descriptor 15: System limit exceeded
	Data Format 15: None
	Descriptor 16: Asynchronous hardware timer expired
	Data Format 16: None
	Descriptor 17: System configuration information
	Data Format 17: None
	Descriptor 18: Hard disk information
	Data Format 18: None
	Descriptor 19: System reconfigured
	Data Format 19: None
	Descriptor 20: Uncorrectable CPU-complex error
	Data Format 20: None
	Descriptor 21: Log area reset/cleared
	Data Format 21: None
	Descriptor 22: System boot
	Data Format 22: None
	Descriptor 23: End of log
	Data Format 23: None
	Descriptor 24: OEM-specific
	Data Format 24: OEM-specific
	Descriptor 25: OEM-specific
	Data Format 25: OEM-specific

Handle 0x001D, DMI type 7, 27 bytes
Cache Information
	Socket Designation: L1 - Cache
	Configuration: Enabled, Not Socketed, Level 1
	Operational Mode: Write Back
	Location: Internal
	Installed Size: 5 MB
	Maximum Size: 5 MB
	Supported SRAM Types:
		Pipeline Burst
	Installed SRAM Type: Pipeline Burst
	Speed: 1 ns
	Error Correction Type: Multi-bit ECC
	System Type: Unified
	Associativity: 8-way Set-associative

Handle 0x001E, DMI type 7, 27 bytes
Cache Information
	Socket Designation: L2 - Cache
	Configuration: Enabled, Not Socketed, Level 2
	Operational Mode: Write Back
	Location: Internal
	Installed Size: 64 MB
	Maximum Size: 64 MB
	Supported SRAM Types:
		Pipeline Burst
	Installed SRAM Type: Pipeline Burst
	Speed: 1 ns
	Error Correction Type: Multi-bit ECC
	System Type: Unified
	Associativity: 16-way Set-associative

Handle 0x001F, DMI type 7, 27 bytes
Cache Information
	Socket Designation: L3 - Cache
	Configuration: Enabled, Not Socketed, Level 3
	Operational Mode: Write Back
	Location: Internal
	Installed Size: 256 MB
	Maximum Size: 256 MB
	Supported SRAM Types:
		Pipeline Burst
	Installed SRAM Type: Pipeline Burst
	Speed: 1 ns
	Error Correction Type: Multi-bit ECC
	System Type: Unified
	Associativity: 16-way Set-associative

Handle 0x0020, DMI type 4, 48 bytes
Processor Information
	Socket Designation: CPU1
	Type: Central Processor
	Family: Zen
	Manufacturer: Advanced Micro Devices, Inc.
	ID: 21 0F B0 00 FF FB 8B 17
	Signature: Family 26, Model 2, Stepping 1
	Flags:
		FPU (Floating-point unit on-chip)
		VME (Virtual mode extension)
		DE (Debugging extension)
		PSE (Page size extension)
		TSC (Time stamp counter)
		MSR (Model specific registers)
		PAE (Physical address extension)
		MCE (Machine check exception)
		CX8 (CMPXCHG8 instruction supported)
		APIC (On-chip APIC hardware supported)
		SEP (Fast system call)
		MTRR (Memory type range registers)
		PGE (Page global enable)
		MCA (Machine check architecture)
		CMOV (Conditional move instruction supported)
		PAT (Page attribute table)
		PSE-36 (36-bit page size extension)
		CLFSH (CLFLUSH instruction supported)
		MMX (MMX technology supported)
		FXSR (FXSAVE and FXSTOR instructions supported)
		SSE (Streaming SIMD extensions)
		SSE2 (Streaming SIMD extensions 2)
		HTT (Multi-threading)
	Version: AMD EPYC 9575F 64-Core Processor               
	Voltage: 0.9 V
	External Clock: 100 MHz
	Max Speed: 5000 MHz
	Current Speed: 3300 MHz
	Status: Populated, Enabled
	Upgrade: <OUT OF SPEC>
	L1 Cache Handle: 0x001D
	L2 Cache Handle: 0x001E
	L3 Cache Handle: 0x001F
	Serial Number: Unknown
	Asset Tag: Unknown
	Part Number: Unknown
	Core Count: 64
	Core Enabled: 64
	Thread Count: 128
	Characteristics:
		64-bit capable
		Multi-Core
		Hardware Thread
		Execute Protection
		Enhanced Virtualization
		Power/Performance Control

Handle 0x0021, DMI type 44, 9 bytes
Unknown Type
	Header and Data:
		2C 09 21 00 20 00 01 02 00

Handle 0x0022, DMI type 7, 27 bytes
Cache Information
	Socket Designation: L1 - Cache
	Configuration: Enabled, Not Socketed, Level 1
	Operational Mode: Write Back
	Location: Internal
	Installed Size: 5 MB
	Maximum Size: 5 MB
	Supported SRAM Types:
		Pipeline Burst
	Installed SRAM Type: Pipeline Burst
	Speed: 1 ns
	Error Correction Type: Multi-bit ECC
	System Type: Unified
	Associativity: 8-way Set-associative

Handle 0x0023, DMI type 7, 27 bytes
Cache Information
	Socket Designation: L2 - Cache
	Configuration: Enabled, Not Socketed, Level 2
	Operational Mode: Write Back
	Location: Internal
	Installed Size: 64 MB
	Maximum Size: 64 MB
	Supported SRAM Types:
		Pipeline Burst
	Installed SRAM Type: Pipeline Burst
	Speed: 1 ns
	Error Correction Type: Multi-bit ECC
	System Type: Unified
	Associativity: 16-way Set-associative

Handle 0x0024, DMI type 7, 27 bytes
Cache Information
	Socket Designation: L3 - Cache
	Configuration: Enabled, Not Socketed, Level 3
	Operational Mode: Write Back
	Location: Internal
	Installed Size: 256 MB
	Maximum Size: 256 MB
	Supported SRAM Types:
		Pipeline Burst
	Installed SRAM Type: Pipeline Burst
	Speed: 1 ns
	Error Correction Type: Multi-bit ECC
	System Type: Unified
	Associativity: 16-way Set-associative

Handle 0x0025, DMI type 4, 48 bytes
Processor Information
	Socket Designation: CPU2
	Type: Central Processor
	Family: Zen
	Manufacturer: Advanced Micro Devices, Inc.
	ID: 21 0F B0 00 FF FB 8B 17
	Signature: Family 26, Model 2, Stepping 1
	Flags:
		FPU (Floating-point unit on-chip)
		VME (Virtual mode extension)
		DE (Debugging extension)
		PSE (Page size extension)
		TSC (Time stamp counter)
		MSR (Model specific registers)
		PAE (Physical address extension)
		MCE (Machine check exception)
		CX8 (CMPXCHG8 instruction supported)
		APIC (On-chip APIC hardware supported)
		SEP (Fast system call)
		MTRR (Memory type range registers)
		PGE (Page global enable)
		MCA (Machine check architecture)
		CMOV (Conditional move instruction supported)
		PAT (Page attribute table)
		PSE-36 (36-bit page size extension)
		CLFSH (CLFLUSH instruction supported)
		MMX (MMX technology supported)
		FXSR (FXSAVE and FXSTOR instructions supported)
		SSE (Streaming SIMD extensions)
		SSE2 (Streaming SIMD extensions 2)
		HTT (Multi-threading)
	Version: AMD EPYC 9575F 64-Core Processor               
	Voltage: 0.9 V
	External Clock: 100 MHz
	Max Speed: 5000 MHz
	Current Speed: 3300 MHz
	Status: Populated, Enabled
	Upgrade: <OUT OF SPEC>
	L1 Cache Handle: 0x0022
	L2 Cache Handle: 0x0023
	L3 Cache Handle: 0x0024
	Serial Number: Unknown
	Asset Tag: Unknown
	Part Number: Unknown
	Core Count: 64
	Core Enabled: 64
	Thread Count: 128
	Characteristics:
		64-bit capable
		Multi-Core
		Hardware Thread
		Execute Protection
		Enhanced Virtualization
		Power/Performance Control

Handle 0x0026, DMI type 44, 9 bytes
Unknown Type
	Header and Data:
		2C 09 26 00 25 00 01 02 00

Handle 0x0027, DMI type 18, 23 bytes
32-bit Memory Error Information
	Type: OK
	Granularity: Unknown
	Operation: Unknown
	Vendor Syndrome: Unknown
	Memory Array Address: Unknown
	Device Address: Unknown
	Resolution: Unknown

Handle 0x0028, DMI type 16, 23 bytes
Physical Memory Array
	Location: System Board Or Motherboard
	Use: System Memory
	Error Correction Type: Multi-bit ECC
	Maximum Capacity: 12 TB
	Error Information Handle: 0x0027
	Number Of Devices: 24

Handle 0x0029, DMI type 19, 31 bytes
Memory Array Mapped Address
	Starting Address: 0x00000000000
	Ending Address: 0x0009FFFFFFF
	Range Size: 2560 MB
	Physical Array Handle: 0x0028
	Partition Width: 24

Handle 0x002A, DMI type 19, 31 bytes
Memory Array Mapped Address
	Starting Address: 0x00100000000
	Ending Address: 0x0FC5FFFFFFF
	Range Size: 1029632 MB
	Physical Array Handle: 0x0028
	Partition Width: 24

Handle 0x002B, DMI type 19, 31 bytes
Memory Array Mapped Address
	Starting Address: 0x10000000000
	Ending Address: 0x183FFFFFFFF
	Range Size: 528 GB
	Physical Array Handle: 0x0028
	Partition Width: 24

Handle 0x002C, DMI type 18, 23 bytes
32-bit Memory Error Information
	Type: OK
	Granularity: Unknown
	Operation: Unknown
	Vendor Syndrome: Unknown
	Memory Array Address: Unknown
	Device Address: Unknown
	Resolution: Unknown

Handle 0x002D, DMI type 17, 92 bytes
Memory Device
	Array Handle: 0x0028
	Error Information Handle: 0x002C
	Total Width: 80 bits
	Data Width: 64 bits
	Size: 64 GB
	Form Factor: DIMM
	Set: None
	Locator: CPU1_DIMM_A1
	Bank Locator: P0 CHANNEL A
	Type: DDR5
	Type Detail: Synchronous Registered (Buffered)
	Speed: 6400 MT/s
	Manufacturer: Kingston
	Serial Number: 0198012607004FB9FD
	Asset Tag: Not Specified
	Part Number: 9965844-029.A00G              
	Rank: 2
	Configured Memory Speed: 6400 MT/s
	Minimum Voltage: 1.1 V
	Maximum Voltage: 1.1 V
	Configured Voltage: 1.1 V
	Memory Technology: DRAM
	Memory Operating Mode Capability: Volatile memory
	Firmware Version: Unknown
	Module Manufacturer ID: Bank 2, Hex 0x98
	Module Product ID: Unknown
	Memory Subsystem Controller Manufacturer ID: Unknown
	Memory Subsystem Controller Product ID: Unknown
	Non-Volatile Size: None
	Volatile Size: 64 GB
	Cache Size: None
	Logical Size: None

Handle 0x002E, DMI type 20, 35 bytes
Memory Device Mapped Address
	Starting Address: 0x03000000000
	Ending Address: 0x03FFFFFFFFF
	Range Size: 64 GB
	Physical Device Handle: 0x002D
	Memory Array Mapped Address Handle: 0x002A
	Partition Row Position: Unknown
	Interleave Position: Unknown
	Interleaved Data Depth: Unknown

Handle 0x002F, DMI type 18, 23 bytes
32-bit Memory Error Information
	Type: OK
	Granularity: Unknown
	Operation: Unknown
	Vendor Syndrome: Unknown
	Memory Array Address: Unknown
	Device Address: Unknown
	Resolution: Unknown

Handle 0x0030, DMI type 17, 92 bytes
Memory Device
	Array Handle: 0x0028
	Error Information Handle: 0x002F
	Total Width: 80 bits
	Data Width: 64 bits
	Size: 64 GB
	Form Factor: DIMM
	Set: None
	Locator: CPU1_DIMM_B1
	Bank Locator: P0 CHANNEL B
	Type: DDR5
	Type Detail: Synchronous Registered (Buffered)
	Speed: 6400 MT/s
	Manufacturer: Kingston
	Serial Number: 0198012607004FB9B9
	Asset Tag: Not Specified
	Part Number: 9965844-029.A00G              
	Rank: 2
	Configured Memory Speed: 6400 MT/s
	Minimum Voltage: 1.1 V
	Maximum Voltage: 1.1 V
	Configured Voltage: 1.1 V
	Memory Technology: DRAM
	Memory Operating Mode Capability: Volatile memory
	Firmware Version: Unknown
	Module Manufacturer ID: Bank 2, Hex 0x98
	Module Product ID: Unknown
	Memory Subsystem Controller Manufacturer ID: Unknown
	Memory Subsystem Controller Product ID: Unknown
	Non-Volatile Size: None
	Volatile Size: 64 GB
	Cache Size: None
	Logical Size: None

Handle 0x0031, DMI type 20, 35 bytes
Memory Device Mapped Address
	Starting Address: 0x04000000000
	Ending Address: 0x04FFFFFFFFF
	Range Size: 64 GB
	Physical Device Handle: 0x0030
	Memory Array Mapped Address Handle: 0x002A
	Partition Row Position: Unknown
	Interleave Position: Unknown
	Interleaved Data Depth: Unknown

Handle 0x0032, DMI type 18, 23 bytes
32-bit Memory Error Information
	Type: OK
	Granularity: Unknown
	Operation: Unknown
	Vendor Syndrome: Unknown
	Memory Array Address: Unknown
	Device Address: Unknown
	Resolution: Unknown

Handle 0x0033, DMI type 17, 92 bytes
Memory Device
	Array Handle: 0x0028
	Error Information Handle: 0x0032
	Total Width: 80 bits
	Data Width: 64 bits
	Size: 64 GB
	Form Factor: DIMM
	Set: None
	Locator: CPU1_DIMM_C1
	Bank Locator: P0 CHANNEL C
	Type: DDR5
	Type Detail: Synchronous Registered (Buffered)
	Speed: 6400 MT/s
	Manufacturer: Kingston
	Serial Number: 0198012607004FBAAA
	Asset Tag: Not Specified
	Part Number: 9965844-029.A00G              
	Rank: 2
	Configured Memory Speed: 6400 MT/s
	Minimum Voltage: 1.1 V
	Maximum Voltage: 1.1 V
	Configured Voltage: 1.1 V
	Memory Technology: DRAM
	Memory Operating Mode Capability: Volatile memory
	Firmware Version: Unknown
	Module Manufacturer ID: Bank 2, Hex 0x98
	Module Product ID: Unknown
	Memory Subsystem Controller Manufacturer ID: Unknown
	Memory Subsystem Controller Product ID: Unknown
	Non-Volatile Size: None
	Volatile Size: 64 GB
	Cache Size: None
	Logical Size: None

Handle 0x0034, DMI type 20, 35 bytes
Memory Device Mapped Address
	Starting Address: 0x00000000000
	Ending Address: 0x00FFFFFFFFF
	Range Size: 64 GB
	Physical Device Handle: 0x0033
	Memory Array Mapped Address Handle: 0x002B
	Partition Row Position: Unknown
	Interleave Position: Unknown
	Interleaved Data Depth: Unknown

Handle 0x0035, DMI type 18, 23 bytes
32-bit Memory Error Information
	Type: OK
	Granularity: Unknown
	Operation: Unknown
	Vendor Syndrome: Unknown
	Memory Array Address: Unknown
	Device Address: Unknown
	Resolution: Unknown

Handle 0x0036, DMI type 17, 92 bytes
Memory Device
	Array Handle: 0x0028
	Error Information Handle: 0x0035
	Total Width: 80 bits
	Data Width: 64 bits
	Size: 64 GB
	Form Factor: DIMM
	Set: None
	Locator: CPU1_DIMM_D1
	Bank Locator: P0 CHANNEL D
	Type: DDR5
	Type Detail: Synchronous Registered (Buffered)
	Speed: 6400 MT/s
	Manufacturer: Kingston
	Serial Number: 0198012607004FBA84
	Asset Tag: Not Specified
	Part Number: 9965844-029.A00G              
	Rank: 2
	Configured Memory Speed: 6400 MT/s
	Minimum Voltage: 1.1 V
	Maximum Voltage: 1.1 V
	Configured Voltage: 1.1 V
	Memory Technology: DRAM
	Memory Operating Mode Capability: Volatile memory
	Firmware Version: Unknown
	Module Manufacturer ID: Bank 2, Hex 0x98
	Module Product ID: Unknown
	Memory Subsystem Controller Manufacturer ID: Unknown
	Memory Subsystem Controller Product ID: Unknown
	Non-Volatile Size: None
	Volatile Size: 64 GB
	Cache Size: None
	Logical Size: None

Handle 0x0037, DMI type 20, 35 bytes
Memory Device Mapped Address
	Starting Address: 0x05000000000
	Ending Address: 0x05FFFFFFFFF
	Range Size: 64 GB
	Physical Device Handle: 0x0036
	Memory Array Mapped Address Handle: 0x002A
	Partition Row Position: Unknown
	Interleave Position: Unknown
	Interleaved Data Depth: Unknown

Handle 0x0038, DMI type 18, 23 bytes
32-bit Memory Error Information
	Type: OK
	Granularity: Unknown
	Operation: Unknown
	Vendor Syndrome: Unknown
	Memory Array Address: Unknown
	Device Address: Unknown
	Resolution: Unknown

Handle 0x0039, DMI type 17, 92 bytes
Memory Device
	Array Handle: 0x0028
	Error Information Handle: 0x0038
	Total Width: 80 bits
	Data Width: 64 bits
	Size: 64 GB
	Form Factor: DIMM
	Set: None
	Locator: CPU1_DIMM_E1
	Bank Locator: P0 CHANNEL E
	Type: DDR5
	Type Detail: Synchronous Registered (Buffered)
	Speed: 6400 MT/s
	Manufacturer: Kingston
	Serial Number: 0198012607004FBA6B
	Asset Tag: Not Specified
	Part Number: 9965844-029.A00G              
	Rank: 2
	Configured Memory Speed: 6400 MT/s
	Minimum Voltage: 1.1 V
	Maximum Voltage: 1.1 V
	Configured Voltage: 1.1 V
	Memory Technology: DRAM
	Memory Operating Mode Capability: Volatile memory
	Firmware Version: Unknown
	Module Manufacturer ID: Bank 2, Hex 0x98
	Module Product ID: Unknown
	Memory Subsystem Controller Manufacturer ID: Unknown
	Memory Subsystem Controller Product ID: Unknown
	Non-Volatile Size: None
	Volatile Size: 64 GB
	Cache Size: None
	Logical Size: None

Handle 0x003A, DMI type 20, 35 bytes
Memory Device Mapped Address
	Starting Address: 0x01000000000
	Ending Address: 0x01FFFFFFFFF
	Range Size: 64 GB
	Physical Device Handle: 0x0039
	Memory Array Mapped Address Handle: 0x002A
	Partition Row Position: Unknown
	Interleave Position: Unknown
	Interleaved Data Depth: Unknown

Handle 0x003B, DMI type 18, 23 bytes
32-bit Memory Error Information
	Type: OK
	Granularity: Unknown
	Operation: Unknown
	Vendor Syndrome: Unknown
	Memory Array Address: Unknown
	Device Address: Unknown
	Resolution: Unknown

Handle 0x003C, DMI type 17, 92 bytes
Memory Device
	Array Handle: 0x0028
	Error Information Handle: 0x003B
	Total Width: 80 bits
	Data Width: 64 bits
	Size: 64 GB
	Form Factor: DIMM
	Set: None
	Locator: CPU1_DIMM_F1
	Bank Locator: P0 CHANNEL F
	Type: DDR5
	Type Detail: Synchronous Registered (Buffered)
	Speed: 6400 MT/s
	Manufacturer: Kingston
	Serial Number: 0198012607004FBAC9
	Asset Tag: Not Specified
	Part Number: 9965844-029.A00G              
	Rank: 2
	Configured Memory Speed: 6400 MT/s
	Minimum Voltage: 1.1 V
	Maximum Voltage: 1.1 V
	Configured Voltage: 1.1 V
	Memory Technology: DRAM
	Memory Operating Mode Capability: Volatile memory
	Firmware Version: Unknown
	Module Manufacturer ID: Bank 2, Hex 0x98
	Module Product ID: Unknown
	Memory Subsystem Controller Manufacturer ID: Unknown
	Memory Subsystem Controller Product ID: Unknown
	Non-Volatile Size: None
	Volatile Size: 64 GB
	Cache Size: None
	Logical Size: None

Handle 0x003D, DMI type 20, 35 bytes
Memory Device Mapped Address
	Starting Address: 0x02000000000
	Ending Address: 0x02FFFFFFFFF
	Range Size: 64 GB
	Physical Device Handle: 0x003C
	Memory Array Mapped Address Handle: 0x002A
	Partition Row Position: Unknown
	Interleave Position: Unknown
	Interleaved Data Depth: Unknown

Handle 0x003E, DMI type 18, 23 bytes
32-bit Memory Error Information
	Type: OK
	Granularity: Unknown
	Operation: Unknown
	Vendor Syndrome: Unknown
	Memory Array Address: Unknown
	Device Address: Unknown
	Resolution: Unknown

Handle 0x003F, DMI type 17, 92 bytes
Memory Device
	Array Handle: 0x0028
	Error Information Handle: 0x003E
	Total Width: 80 bits
	Data Width: 64 bits
	Size: 64 GB
	Form Factor: DIMM
	Set: None
	Locator: CPU1_DIMM_G1
	Bank Locator: P0 CHANNEL G
	Type: DDR5
	Type Detail: Synchronous Registered (Buffered)
	Speed: 6400 MT/s
	Manufacturer: Kingston
	Serial Number: 0198012607004FBA08
	Asset Tag: Not Specified
	Part Number: 9965844-029.A00G              
	Rank: 2
	Configured Memory Speed: 6400 MT/s
	Minimum Voltage: 1.1 V
	Maximum Voltage: 1.1 V
	Configured Voltage: 1.1 V
	Memory Technology: DRAM
	Memory Operating Mode Capability: Volatile memory
	Firmware Version: Unknown
	Module Manufacturer ID: Bank 2, Hex 0x98
	Module Product ID: Unknown
	Memory Subsystem Controller Manufacturer ID: Unknown
	Memory Subsystem Controller Product ID: Unknown
	Non-Volatile Size: None
	Volatile Size: 64 GB
	Cache Size: None
	Logical Size: None

Handle 0x0040, DMI type 20, 35 bytes
Memory Device Mapped Address
	Starting Address: 0x09000000000
	Ending Address: 0x09FFFFFFFFF
	Range Size: 64 GB
	Physical Device Handle: 0x003F
	Memory Array Mapped Address Handle: 0x002A
	Partition Row Position: Unknown
	Interleave Position: Unknown
	Interleaved Data Depth: Unknown

Handle 0x0041, DMI type 18, 23 bytes
32-bit Memory Error Information
	Type: OK
	Granularity: Unknown
	Operation: Unknown
	Vendor Syndrome: Unknown
	Memory Array Address: Unknown
	Device Address: Unknown
	Resolution: Unknown

Handle 0x0042, DMI type 17, 92 bytes
Memory Device
	Array Handle: 0x0028
	Error Information Handle: 0x0041
	Total Width: 80 bits
	Data Width: 64 bits
	Size: 64 GB
	Form Factor: DIMM
	Set: None
	Locator: CPU1_DIMM_H1
	Bank Locator: P0 CHANNEL H
	Type: DDR5
	Type Detail: Synchronous Registered (Buffered)
	Speed: 6400 MT/s
	Manufacturer: Kingston
	Serial Number: 0198012607004FBABE
	Asset Tag: Not Specified
	Part Number: 9965844-029.A00G              
	Rank: 2
	Configured Memory Speed: 6400 MT/s
	Minimum Voltage: 1.1 V
	Maximum Voltage: 1.1 V
	Configured Voltage: 1.1 V
	Memory Technology: DRAM
	Memory Operating Mode Capability: Volatile memory
	Firmware Version: Unknown
	Module Manufacturer ID: Bank 2, Hex 0x98
	Module Product ID: Unknown
	Memory Subsystem Controller Manufacturer ID: Unknown
	Memory Subsystem Controller Product ID: Unknown
	Non-Volatile Size: None
	Volatile Size: 64 GB
	Cache Size: None
	Logical Size: None

Handle 0x0043, DMI type 20, 35 bytes
Memory Device Mapped Address
	Starting Address: 0x0A000000000
	Ending Address: 0x0AFFFFFFFFF
	Range Size: 64 GB
	Physical Device Handle: 0x0042
	Memory Array Mapped Address Handle: 0x002A
	Partition Row Position: Unknown
	Interleave Position: Unknown
	Interleaved Data Depth: Unknown

Handle 0x0044, DMI type 18, 23 bytes
32-bit Memory Error Information
	Type: OK
	Granularity: Unknown
	Operation: Unknown
	Vendor Syndrome: Unknown
	Memory Array Address: Unknown
	Device Address: Unknown
	Resolution: Unknown

Handle 0x0045, DMI type 17, 92 bytes
Memory Device
	Array Handle: 0x0028
	Error Information Handle: 0x0044
	Total Width: 80 bits
	Data Width: 64 bits
	Size: 64 GB
	Form Factor: DIMM
	Set: None
	Locator: CPU1_DIMM_I1
	Bank Locator: P0 CHANNEL I
	Type: DDR5
	Type Detail: Synchronous Registered (Buffered)
	Speed: 6400 MT/s
	Manufacturer: Kingston
	Serial Number: 0198012607004FBAA6
	Asset Tag: Not Specified
	Part Number: 9965844-029.A00G              
	Rank: 2
	Configured Memory Speed: 6400 MT/s
	Minimum Voltage: 1.1 V
	Maximum Voltage: 1.1 V
	Configured Voltage: 1.1 V
	Memory Technology: DRAM
	Memory Operating Mode Capability: Volatile memory
	Firmware Version: Unknown
	Module Manufacturer ID: Bank 2, Hex 0x98
	Module Product ID: Unknown
	Memory Subsystem Controller Manufacturer ID: Unknown
	Memory Subsystem Controller Product ID: Unknown
	Non-Volatile Size: None
	Volatile Size: 64 GB
	Cache Size: None
	Logical Size: None

Handle 0x0046, DMI type 20, 35 bytes
Memory Device Mapped Address
	Starting Address: 0x06000000000
	Ending Address: 0x06FFFFFFFFF
	Range Size: 64 GB
	Physical Device Handle: 0x0045
	Memory Array Mapped Address Handle: 0x002A
	Partition Row Position: Unknown
	Interleave Position: Unknown
	Interleaved Data Depth: Unknown

Handle 0x0047, DMI type 18, 23 bytes
32-bit Memory Error Information
	Type: OK
	Granularity: Unknown
	Operation: Unknown
	Vendor Syndrome: Unknown
	Memory Array Address: Unknown
	Device Address: Unknown
	Resolution: Unknown

Handle 0x0048, DMI type 17, 92 bytes
Memory Device
	Array Handle: 0x0028
	Error Information Handle: 0x0047
	Total Width: 80 bits
	Data Width: 64 bits
	Size: 64 GB
	Form Factor: DIMM
	Set: None
	Locator: CPU1_DIMM_J1
	Bank Locator: P0 CHANNEL J
	Type: DDR5
	Type Detail: Synchronous Registered (Buffered)
	Speed: 6400 MT/s
	Manufacturer: Kingston
	Serial Number: 0198012607004FB9CD
	Asset Tag: Not Specified
	Part Number: 9965844-029.A00G              
	Rank: 2
	Configured Memory Speed: 6400 MT/s
	Minimum Voltage: 1.1 V
	Maximum Voltage: 1.1 V
	Configured Voltage: 1.1 V
	Memory Technology: DRAM
	Memory Operating Mode Capability: Volatile memory
	Firmware Version: Unknown
	Module Manufacturer ID: Bank 2, Hex 0x98
	Module Product ID: Unknown
	Memory Subsystem Controller Manufacturer ID: Unknown
	Memory Subsystem Controller Product ID: Unknown
	Non-Volatile Size: None
	Volatile Size: 64 GB
	Cache Size: None
	Logical Size: None

Handle 0x0049, DMI type 20, 35 bytes
Memory Device Mapped Address
	Starting Address: 0x0B000000000
	Ending Address: 0x0BFFFFFFFFF
	Range Size: 64 GB
	Physical Device Handle: 0x0048
	Memory Array Mapped Address Handle: 0x002A
	Partition Row Position: Unknown
	Interleave Position: Unknown
	Interleaved Data Depth: Unknown

Handle 0x004A, DMI type 18, 23 bytes
32-bit Memory Error Information
	Type: OK
	Granularity: Unknown
	Operation: Unknown
	Vendor Syndrome: Unknown
	Memory Array Address: Unknown
	Device Address: Unknown
	Resolution: Unknown

Handle 0x004B, DMI type 17, 92 bytes
Memory Device
	Array Handle: 0x0028
	Error Information Handle: 0x004A
	Total Width: 80 bits
	Data Width: 64 bits
	Size: 64 GB
	Form Factor: DIMM
	Set: None
	Locator: CPU1_DIMM_K1
	Bank Locator: P0 CHANNEL K
	Type: DDR5
	Type Detail: Synchronous Registered (Buffered)
	Speed: 6400 MT/s
	Manufacturer: Kingston
	Serial Number: 0198012607004FBAC8
	Asset Tag: Not Specified
	Part Number: 9965844-029.A00G              
	Rank: 2
	Configured Memory Speed: 6400 MT/s
	Minimum Voltage: 1.1 V
	Maximum Voltage: 1.1 V
	Configured Voltage: 1.1 V
	Memory Technology: DRAM
	Memory Operating Mode Capability: Volatile memory
	Firmware Version: Unknown
	Module Manufacturer ID: Bank 2, Hex 0x98
	Module Product ID: Unknown
	Memory Subsystem Controller Manufacturer ID: Unknown
	Memory Subsystem Controller Product ID: Unknown
	Non-Volatile Size: None
	Volatile Size: 64 GB
	Cache Size: None
	Logical Size: None

Handle 0x004C, DMI type 20, 35 bytes
Memory Device Mapped Address
	Starting Address: 0x07000000000
	Ending Address: 0x07FFFFFFFFF
	Range Size: 64 GB
	Physical Device Handle: 0x004B
	Memory Array Mapped Address Handle: 0x002A
	Partition Row Position: Unknown
	Interleave Position: Unknown
	Interleaved Data Depth: Unknown

Handle 0x004D, DMI type 18, 23 bytes
32-bit Memory Error Information
	Type: OK
	Granularity: Unknown
	Operation: Unknown
	Vendor Syndrome: Unknown
	Memory Array Address: Unknown
	Device Address: Unknown
	Resolution: Unknown

Handle 0x004E, DMI type 17, 92 bytes
Memory Device
	Array Handle: 0x0028
	Error Information Handle: 0x004D
	Total Width: 80 bits
	Data Width: 64 bits
	Size: 64 GB
	Form Factor: DIMM
	Set: None
	Locator: CPU1_DIMM_L1
	Bank Locator: P0 CHANNEL L
	Type: DDR5
	Type Detail: Synchronous Registered (Buffered)
	Speed: 6400 MT/s
	Manufacturer: Kingston
	Serial Number: 0198012607004FB9E9
	Asset Tag: Not Specified
	Part Number: 9965844-029.A00G              
	Rank: 2
	Configured Memory Speed: 6400 MT/s
	Minimum Voltage: 1.1 V
	Maximum Voltage: 1.1 V
	Configured Voltage: 1.1 V
	Memory Technology: DRAM
	Memory Operating Mode Capability: Volatile memory
	Firmware Version: Unknown
	Module Manufacturer ID: Bank 2, Hex 0x98
	Module Product ID: Unknown
	Memory Subsystem Controller Manufacturer ID: Unknown
	Memory Subsystem Controller Product ID: Unknown
	Non-Volatile Size: None
	Volatile Size: 64 GB
	Cache Size: None
	Logical Size: None

Handle 0x004F, DMI type 20, 35 bytes
Memory Device Mapped Address
	Starting Address: 0x08000000000
	Ending Address: 0x08FFFFFFFFF
	Range Size: 64 GB
	Physical Device Handle: 0x004E
	Memory Array Mapped Address Handle: 0x002A
	Partition Row Position: Unknown
	Interleave Position: Unknown
	Interleaved Data Depth: Unknown

Handle 0x0050, DMI type 18, 23 bytes
32-bit Memory Error Information
	Type: OK
	Granularity: Unknown
	Operation: Unknown
	Vendor Syndrome: Unknown
	Memory Array Address: Unknown
	Device Address: Unknown
	Resolution: Unknown

Handle 0x0051, DMI type 17, 92 bytes
Memory Device
	Array Handle: 0x0028
	Error Information Handle: 0x0050
	Total Width: 80 bits
	Data Width: 64 bits
	Size: 64 GB
	Form Factor: DIMM
	Set: None
	Locator: CPU2_DIMM_A1
	Bank Locator: P1 CHANNEL A
	Type: DDR5
	Type Detail: Synchronous Registered (Buffered)
	Speed: 6400 MT/s
	Manufacturer: Kingston
	Serial Number: 01980126100054E31D
	Asset Tag: Not Specified
	Part Number: 9965844-029.A00G              
	Rank: 2
	Configured Memory Speed: 6400 MT/s
	Minimum Voltage: 1.1 V
	Maximum Voltage: 1.1 V
	Configured Voltage: 1.1 V
	Memory Technology: DRAM
	Memory Operating Mode Capability: Volatile memory
	Firmware Version: Unknown
	Module Manufacturer ID: Bank 2, Hex 0x98
	Module Product ID: Unknown
	Memory Subsystem Controller Manufacturer ID: Unknown
	Memory Subsystem Controller Product ID: Unknown
	Non-Volatile Size: None
	Volatile Size: 64 GB
	Cache Size: None
	Logical Size: None

Handle 0x0052, DMI type 20, 35 bytes
Memory Device Mapped Address
	Starting Address: 0x0F000000000
	Ending Address: 0x0FFFFFFFFFF
	Range Size: 64 GB
	Physical Device Handle: 0x0051
	Memory Array Mapped Address Handle: 0x002B
	Partition Row Position: Unknown
	Interleave Position: Unknown
	Interleaved Data Depth: Unknown

Handle 0x0053, DMI type 18, 23 bytes
32-bit Memory Error Information
	Type: OK
	Granularity: Unknown
	Operation: Unknown
	Vendor Syndrome: Unknown
	Memory Array Address: Unknown
	Device Address: Unknown
	Resolution: Unknown

Handle 0x0054, DMI type 17, 92 bytes
Memory Device
	Array Handle: 0x0028
	Error Information Handle: 0x0053
	Total Width: 80 bits
	Data Width: 64 bits
	Size: 64 GB
	Form Factor: DIMM
	Set: None
	Locator: CPU2_DIMM_B1
	Bank Locator: P1 CHANNEL B
	Type: DDR5
	Type Detail: Synchronous Registered (Buffered)
	Speed: 6400 MT/s
	Manufacturer: Kingston
	Serial Number: 01980126100054E30B
	Asset Tag: Not Specified
	Part Number: 9965844-029.A00G              
	Rank: 2
	Configured Memory Speed: 6400 MT/s
	Minimum Voltage: 1.1 V
	Maximum Voltage: 1.1 V
	Configured Voltage: 1.1 V
	Memory Technology: DRAM
	Memory Operating Mode Capability: Volatile memory
	Firmware Version: Unknown
	Module Manufacturer ID: Bank 2, Hex 0x98
	Module Product ID: Unknown
	Memory Subsystem Controller Manufacturer ID: Unknown
	Memory Subsystem Controller Product ID: Unknown
	Non-Volatile Size: None
	Volatile Size: 64 GB
	Cache Size: None
	Logical Size: None

Handle 0x0055, DMI type 20, 35 bytes
Memory Device Mapped Address
	Starting Address: 0x10000000000
	Ending Address: 0x10FFFFFFFFF
	Range Size: 64 GB
	Physical Device Handle: 0x0054
	Memory Array Mapped Address Handle: 0x002B
	Partition Row Position: Unknown
	Interleave Position: Unknown
	Interleaved Data Depth: Unknown

Handle 0x0056, DMI type 18, 23 bytes
32-bit Memory Error Information
	Type: OK
	Granularity: Unknown
	Operation: Unknown
	Vendor Syndrome: Unknown
	Memory Array Address: Unknown
	Device Address: Unknown
	Resolution: Unknown

Handle 0x0057, DMI type 17, 92 bytes
Memory Device
	Array Handle: 0x0028
	Error Information Handle: 0x0056
	Total Width: 80 bits
	Data Width: 64 bits
	Size: 64 GB
	Form Factor: DIMM
	Set: None
	Locator: CPU2_DIMM_C1
	Bank Locator: P1 CHANNEL C
	Type: DDR5
	Type Detail: Synchronous Registered (Buffered)
	Speed: 6400 MT/s
	Manufacturer: Kingston
	Serial Number: 01980126100054E255
	Asset Tag: Not Specified
	Part Number: 9965844-029.A00G              
	Rank: 2
	Configured Memory Speed: 6400 MT/s
	Minimum Voltage: 1.1 V
	Maximum Voltage: 1.1 V
	Configured Voltage: 1.1 V
	Memory Technology: DRAM
	Memory Operating Mode Capability: Volatile memory
	Firmware Version: Unknown
	Module Manufacturer ID: Bank 2, Hex 0x98
	Module Product ID: Unknown
	Memory Subsystem Controller Manufacturer ID: Unknown
	Memory Subsystem Controller Product ID: Unknown
	Non-Volatile Size: None
	Volatile Size: 64 GB
	Cache Size: None
	Logical Size: None

Handle 0x0058, DMI type 20, 35 bytes
Memory Device Mapped Address
	Starting Address: 0x0C000000000
	Ending Address: 0x0CFFFFFFFFF
	Range Size: 64 GB
	Physical Device Handle: 0x0057
	Memory Array Mapped Address Handle: 0x002A
	Partition Row Position: Unknown
	Interleave Position: Unknown
	Interleaved Data Depth: Unknown

Handle 0x0059, DMI type 18, 23 bytes
32-bit Memory Error Information
	Type: OK
	Granularity: Unknown
	Operation: Unknown
	Vendor Syndrome: Unknown
	Memory Array Address: Unknown
	Device Address: Unknown
	Resolution: Unknown

Handle 0x005A, DMI type 17, 92 bytes
Memory Device
	Array Handle: 0x0028
	Error Information Handle: 0x0059
	Total Width: 80 bits
	Data Width: 64 bits
	Size: 64 GB
	Form Factor: DIMM
	Set: None
	Locator: CPU2_DIMM_D1
	Bank Locator: P1 CHANNEL D
	Type: DDR5
	Type Detail: Synchronous Registered (Buffered)
	Speed: 6400 MT/s
	Manufacturer: Kingston
	Serial Number: 01980126100054E25B
	Asset Tag: Not Specified
	Part Number: 9965844-029.A00G              
	Rank: 2
	Configured Memory Speed: 6400 MT/s
	Minimum Voltage: 1.1 V
	Maximum Voltage: 1.1 V
	Configured Voltage: 1.1 V
	Memory Technology: DRAM
	Memory Operating Mode Capability: Volatile memory
	Firmware Version: Unknown
	Module Manufacturer ID: Bank 2, Hex 0x98
	Module Product ID: Unknown
	Memory Subsystem Controller Manufacturer ID: Unknown
	Memory Subsystem Controller Product ID: Unknown
	Non-Volatile Size: None
	Volatile Size: 64 GB
	Cache Size: None
	Logical Size: None

Handle 0x005B, DMI type 20, 35 bytes
Memory Device Mapped Address
	Starting Address: 0x11000000000
	Ending Address: 0x11FFFFFFFFF
	Range Size: 64 GB
	Physical Device Handle: 0x005A
	Memory Array Mapped Address Handle: 0x002B
	Partition Row Position: Unknown
	Interleave Position: Unknown
	Interleaved Data Depth: Unknown

Handle 0x005C, DMI type 18, 23 bytes
32-bit Memory Error Information
	Type: OK
	Granularity: Unknown
	Operation: Unknown
	Vendor Syndrome: Unknown
	Memory Array Address: Unknown
	Device Address: Unknown
	Resolution: Unknown

Handle 0x005D, DMI type 17, 92 bytes
Memory Device
	Array Handle: 0x0028
	Error Information Handle: 0x005C
	Total Width: 80 bits
	Data Width: 64 bits
	Size: 64 GB
	Form Factor: DIMM
	Set: None
	Locator: CPU2_DIMM_E1
	Bank Locator: P1 CHANNEL E
	Type: DDR5
	Type Detail: Synchronous Registered (Buffered)
	Speed: 6400 MT/s
	Manufacturer: Kingston
	Serial Number: 01980126100054E247
	Asset Tag: Not Specified
	Part Number: 9965844-029.A00G              
	Rank: 2
	Configured Memory Speed: 6400 MT/s
	Minimum Voltage: 1.1 V
	Maximum Voltage: 1.1 V
	Configured Voltage: 1.1 V
	Memory Technology: DRAM
	Memory Operating Mode Capability: Volatile memory
	Firmware Version: Unknown
	Module Manufacturer ID: Bank 2, Hex 0x98
	Module Product ID: Unknown
	Memory Subsystem Controller Manufacturer ID: Unknown
	Memory Subsystem Controller Product ID: Unknown
	Non-Volatile Size: None
	Volatile Size: 64 GB
	Cache Size: None
	Logical Size: None

Handle 0x005E, DMI type 20, 35 bytes
Memory Device Mapped Address
	Starting Address: 0x0D000000000
	Ending Address: 0x0DFFFFFFFFF
	Range Size: 64 GB
	Physical Device Handle: 0x005D
	Memory Array Mapped Address Handle: 0x002A
	Partition Row Position: Unknown
	Interleave Position: Unknown
	Interleaved Data Depth: Unknown

Handle 0x005F, DMI type 18, 23 bytes
32-bit Memory Error Information
	Type: OK
	Granularity: Unknown
	Operation: Unknown
	Vendor Syndrome: Unknown
	Memory Array Address: Unknown
	Device Address: Unknown
	Resolution: Unknown

Handle 0x0060, DMI type 17, 92 bytes
Memory Device
	Array Handle: 0x0028
	Error Information Handle: 0x005F
	Total Width: 80 bits
	Data Width: 64 bits
	Size: 64 GB
	Form Factor: DIMM
	Set: None
	Locator: CPU2_DIMM_F1
	Bank Locator: P1 CHANNEL F
	Type: DDR5
	Type Detail: Synchronous Registered (Buffered)
	Speed: 6400 MT/s
	Manufacturer: Kingston
	Serial Number: 01980126100054E12B
	Asset Tag: Not Specified
	Part Number: 9965844-029.A00G              
	Rank: 2
	Configured Memory Speed: 6400 MT/s
	Minimum Voltage: 1.1 V
	Maximum Voltage: 1.1 V
	Configured Voltage: 1.1 V
	Memory Technology: DRAM
	Memory Operating Mode Capability: Volatile memory
	Firmware Version: Unknown
	Module Manufacturer ID: Bank 2, Hex 0x98
	Module Product ID: Unknown
	Memory Subsystem Controller Manufacturer ID: Unknown
	Memory Subsystem Controller Product ID: Unknown
	Non-Volatile Size: None
	Volatile Size: 64 GB
	Cache Size: None
	Logical Size: None

Handle 0x0061, DMI type 20, 35 bytes
Memory Device Mapped Address
	Starting Address: 0x0E000000000
	Ending Address: 0x0EFFFFFFFFF
	Range Size: 64 GB
	Physical Device Handle: 0x0060
	Memory Array Mapped Address Handle: 0x002A
	Partition Row Position: Unknown
	Interleave Position: Unknown
	Interleaved Data Depth: Unknown

Handle 0x0062, DMI type 18, 23 bytes
32-bit Memory Error Information
	Type: OK
	Granularity: Unknown
	Operation: Unknown
	Vendor Syndrome: Unknown
	Memory Array Address: Unknown
	Device Address: Unknown
	Resolution: Unknown

Handle 0x0063, DMI type 17, 92 bytes
Memory Device
	Array Handle: 0x0028
	Error Information Handle: 0x0062
	Total Width: 80 bits
	Data Width: 64 bits
	Size: 64 GB
	Form Factor: DIMM
	Set: None
	Locator: CPU2_DIMM_G1
	Bank Locator: P1 CHANNEL G
	Type: DDR5
	Type Detail: Synchronous Registered (Buffered)
	Speed: 6400 MT/s
	Manufacturer: Kingston
	Serial Number: 0198012607004FBA62
	Asset Tag: Not Specified
	Part Number: 9965844-029.A00G              
	Rank: 2
	Configured Memory Speed: 6400 MT/s
	Minimum Voltage: 1.1 V
	Maximum Voltage: 1.1 V
	Configured Voltage: 1.1 V
	Memory Technology: DRAM
	Memory Operating Mode Capability: Volatile memory
	Firmware Version: Unknown
	Module Manufacturer ID: Bank 2, Hex 0x98
	Module Product ID: Unknown
	Memory Subsystem Controller Manufacturer ID: Unknown
	Memory Subsystem Controller Product ID: Unknown
	Non-Volatile Size: None
	Volatile Size: 64 GB
	Cache Size: None
	Logical Size: None

Handle 0x0064, DMI type 20, 35 bytes
Memory Device Mapped Address
	Starting Address: 0x15000000000
	Ending Address: 0x15FFFFFFFFF
	Range Size: 64 GB
	Physical Device Handle: 0x0063
	Memory Array Mapped Address Handle: 0x002B
	Partition Row Position: Unknown
	Interleave Position: Unknown
	Interleaved Data Depth: Unknown

Handle 0x0065, DMI type 18, 23 bytes
32-bit Memory Error Information
	Type: OK
	Granularity: Unknown
	Operation: Unknown
	Vendor Syndrome: Unknown
	Memory Array Address: Unknown
	Device Address: Unknown
	Resolution: Unknown

Handle 0x0066, DMI type 17, 92 bytes
Memory Device
	Array Handle: 0x0028
	Error Information Handle: 0x0065
	Total Width: 80 bits
	Data Width: 64 bits
	Size: 64 GB
	Form Factor: DIMM
	Set: None
	Locator: CPU2_DIMM_H1
	Bank Locator: P1 CHANNEL H
	Type: DDR5
	Type Detail: Synchronous Registered (Buffered)
	Speed: 6400 MT/s
	Manufacturer: Kingston
	Serial Number: 0198012607004FBA61
	Asset Tag: Not Specified
	Part Number: 9965844-029.A00G              
	Rank: 2
	Configured Memory Speed: 6400 MT/s
	Minimum Voltage: 1.1 V
	Maximum Voltage: 1.1 V
	Configured Voltage: 1.1 V
	Memory Technology: DRAM
	Memory Operating Mode Capability: Volatile memory
	Firmware Version: Unknown
	Module Manufacturer ID: Bank 2, Hex 0x98
	Module Product ID: Unknown
	Memory Subsystem Controller Manufacturer ID: Unknown
	Memory Subsystem Controller Product ID: Unknown
	Non-Volatile Size: None
	Volatile Size: 64 GB
	Cache Size: None
	Logical Size: None

Handle 0x0067, DMI type 20, 35 bytes
Memory Device Mapped Address
	Starting Address: 0x16000000000
	Ending Address: 0x16FFFFFFFFF
	Range Size: 64 GB
	Physical Device Handle: 0x0066
	Memory Array Mapped Address Handle: 0x002B
	Partition Row Position: Unknown
	Interleave Position: Unknown
	Interleaved Data Depth: Unknown

Handle 0x0068, DMI type 18, 23 bytes
32-bit Memory Error Information
	Type: OK
	Granularity: Unknown
	Operation: Unknown
	Vendor Syndrome: Unknown
	Memory Array Address: Unknown
	Device Address: Unknown
	Resolution: Unknown

Handle 0x0069, DMI type 17, 92 bytes
Memory Device
	Array Handle: 0x0028
	Error Information Handle: 0x0068
	Total Width: 80 bits
	Data Width: 64 bits
	Size: 64 GB
	Form Factor: DIMM
	Set: None
	Locator: CPU2_DIMM_I1
	Bank Locator: P1 CHANNEL I
	Type: DDR5
	Type Detail: Synchronous Registered (Buffered)
	Speed: 6400 MT/s
	Manufacturer: Kingston
	Serial Number: 0198012607004FBA98
	Asset Tag: Not Specified
	Part Number: 9965844-029.A00G              
	Rank: 2
	Configured Memory Speed: 6400 MT/s
	Minimum Voltage: 1.1 V
	Maximum Voltage: 1.1 V
	Configured Voltage: 1.1 V
	Memory Technology: DRAM
	Memory Operating Mode Capability: Volatile memory
	Firmware Version: Unknown
	Module Manufacturer ID: Bank 2, Hex 0x98
	Module Product ID: Unknown
	Memory Subsystem Controller Manufacturer ID: Unknown
	Memory Subsystem Controller Product ID: Unknown
	Non-Volatile Size: None
	Volatile Size: 64 GB
	Cache Size: None
	Logical Size: None

Handle 0x006A, DMI type 20, 35 bytes
Memory Device Mapped Address
	Starting Address: 0x12000000000
	Ending Address: 0x12FFFFFFFFF
	Range Size: 64 GB
	Physical Device Handle: 0x0069
	Memory Array Mapped Address Handle: 0x002B
	Partition Row Position: Unknown
	Interleave Position: Unknown
	Interleaved Data Depth: Unknown

Handle 0x006B, DMI type 18, 23 bytes
32-bit Memory Error Information
	Type: OK
	Granularity: Unknown
	Operation: Unknown
	Vendor Syndrome: Unknown
	Memory Array Address: Unknown
	Device Address: Unknown
	Resolution: Unknown

Handle 0x006C, DMI type 17, 92 bytes
Memory Device
	Array Handle: 0x0028
	Error Information Handle: 0x006B
	Total Width: 80 bits
	Data Width: 64 bits
	Size: 64 GB
	Form Factor: DIMM
	Set: None
	Locator: CPU2_DIMM_J1
	Bank Locator: P1 CHANNEL J
	Type: DDR5
	Type Detail: Synchronous Registered (Buffered)
	Speed: 6400 MT/s
	Manufacturer: Kingston
	Serial Number: 0198012548003BD10E
	Asset Tag: Not Specified
	Part Number: 9965844-029.A00G              
	Rank: 2
	Configured Memory Speed: 6400 MT/s
	Minimum Voltage: 1.1 V
	Maximum Voltage: 1.1 V
	Configured Voltage: 1.1 V
	Memory Technology: DRAM
	Memory Operating Mode Capability: Volatile memory
	Firmware Version: Unknown
	Module Manufacturer ID: Bank 2, Hex 0x98
	Module Product ID: Unknown
	Memory Subsystem Controller Manufacturer ID: Unknown
	Memory Subsystem Controller Product ID: Unknown
	Non-Volatile Size: None
	Volatile Size: 64 GB
	Cache Size: None
	Logical Size: None

Handle 0x006D, DMI type 20, 35 bytes
Memory Device Mapped Address
	Starting Address: 0x17000000000
	Ending Address: 0x17FFFFFFFFF
	Range Size: 64 GB
	Physical Device Handle: 0x006C
	Memory Array Mapped Address Handle: 0x002B
	Partition Row Position: Unknown
	Interleave Position: Unknown
	Interleaved Data Depth: Unknown

Handle 0x006E, DMI type 18, 23 bytes
32-bit Memory Error Information
	Type: OK
	Granularity: Unknown
	Operation: Unknown
	Vendor Syndrome: Unknown
	Memory Array Address: Unknown
	Device Address: Unknown
	Resolution: Unknown

Handle 0x006F, DMI type 17, 92 bytes
Memory Device
	Array Handle: 0x0028
	Error Information Handle: 0x006E
	Total Width: 80 bits
	Data Width: 64 bits
	Size: 64 GB
	Form Factor: DIMM
	Set: None
	Locator: CPU2_DIMM_K1
	Bank Locator: P1 CHANNEL K
	Type: DDR5
	Type Detail: Synchronous Registered (Buffered)
	Speed: 6400 MT/s
	Manufacturer: Kingston
	Serial Number: 0198012548003BD0C3
	Asset Tag: Not Specified
	Part Number: 9965844-029.A00G              
	Rank: 2
	Configured Memory Speed: 6400 MT/s
	Minimum Voltage: 1.1 V
	Maximum Voltage: 1.1 V
	Configured Voltage: 1.1 V
	Memory Technology: DRAM
	Memory Operating Mode Capability: Volatile memory
	Firmware Version: Unknown
	Module Manufacturer ID: Bank 2, Hex 0x98
	Module Product ID: Unknown
	Memory Subsystem Controller Manufacturer ID: Unknown
	Memory Subsystem Controller Product ID: Unknown
	Non-Volatile Size: None
	Volatile Size: 64 GB
	Cache Size: None
	Logical Size: None

Handle 0x0070, DMI type 20, 35 bytes
Memory Device Mapped Address
	Starting Address: 0x13000000000
	Ending Address: 0x13FFFFFFFFF
	Range Size: 64 GB
	Physical Device Handle: 0x006F
	Memory Array Mapped Address Handle: 0x002B
	Partition Row Position: Unknown
	Interleave Position: Unknown
	Interleaved Data Depth: Unknown

Handle 0x0071, DMI type 18, 23 bytes
32-bit Memory Error Information
	Type: OK
	Granularity: Unknown
	Operation: Unknown
	Vendor Syndrome: Unknown
	Memory Array Address: Unknown
	Device Address: Unknown
	Resolution: Unknown

Handle 0x0072, DMI type 17, 92 bytes
Memory Device
	Array Handle: 0x0028
	Error Information Handle: 0x0071
	Total Width: 80 bits
	Data Width: 64 bits
	Size: 64 GB
	Form Factor: DIMM
	Set: None
	Locator: CPU2_DIMM_L1
	Bank Locator: P1 CHANNEL L
	Type: DDR5
	Type Detail: Synchronous Registered (Buffered)
	Speed: 6400 MT/s
	Manufacturer: Kingston
	Serial Number: 0198012548003BD0F5
	Asset Tag: Not Specified
	Part Number: 9965844-029.A00G              
	Rank: 2
	Configured Memory Speed: 6400 MT/s
	Minimum Voltage: 1.1 V
	Maximum Voltage: 1.1 V
	Configured Voltage: 1.1 V
	Memory Technology: DRAM
	Memory Operating Mode Capability: Volatile memory
	Firmware Version: Unknown
	Module Manufacturer ID: Bank 2, Hex 0x98
	Module Product ID: Unknown
	Memory Subsystem Controller Manufacturer ID: Unknown
	Memory Subsystem Controller Product ID: Unknown
	Non-Volatile Size: None
	Volatile Size: 64 GB
	Cache Size: None
	Logical Size: None

Handle 0x0073, DMI type 20, 35 bytes
Memory Device Mapped Address
	Starting Address: 0x14000000000
	Ending Address: 0x14FFFFFFFFF
	Range Size: 64 GB
	Physical Device Handle: 0x0072
	Memory Array Mapped Address Handle: 0x002B
	Partition Row Position: Unknown
	Interleave Position: Unknown
	Interleaved Data Depth: Unknown

Handle 0x0074, DMI type 40, 14 bytes
Additional Information 1
	Referenced Handle: 0x0000
	Referenced Offset: 0x05
	String: AGESA!V9 TurinPI-SP5 1.0.0.6
	Value: 0x00000000

Handle 0x0076, DMI type 60, 165 bytes
Unknown Type
	Header and Data:
		3C A5 76 00 01 D5 DA 4C 41 37 CE 05 90 93 D1 DF
		45 51 87 BC B5 00 00 00 00 00 00 00 00 00 00 00
		00 00 00 00 00 00 00 00 00 00 00 00 00 00 00 00
		00 00 00 00 00 00 00 00 00 00 00 00 00 00 00 00
		00 00 00 00 00 00 00 00 00 00 00 00 00 00 00 00
		00 00 00 00 00 00 00 00 00 00 00 00 00 00 00 00
		00 00 00 00 00 00 00 00 00 00 00 00 00 00 00 00
		00 00 00 00 00 00 00 00 00 00 00 00 00 00 00 00
		00 00 00 00 00 00 00 00 00 00 00 00 00 00 00 00
		00 00 00 00 00 00 00 00 00 00 00 00 00 00 00 00
		00 00 00 00 00

Handle 0x0078, DMI type 42, 143 bytes
Management Controller Host Interface
	Host Interface Type: Network
	Device Type: <OUT OF SPEC>
	Vendor ID: 0x1e:0x6b:0x04:0xb0
	Protocol ID: 04 (Redfish over IP)
		Service UUID: d6834dd8-2328-11f1-01e7-7a16279fada0
		Host IP Assignment Type: Static
		Host IP Address Format: IPv4
		IPv4 Address: 169.254.0.18
		IPv4 Mask: 255.255.0.0
		Redfish Service IP Discovery Type: Static
		Redfish Service IP Address Format: IPv4
		IPv4 Redfish Service Address: 169.254.0.17
		IPv4 Redfish Service Mask: 255.255.0.0
		Redfish Service Port: 443
		Redfish Service Vlan: 4294967295
		Redfish Service Hostname: 169.254.0.17

Handle 0x0079, DMI type 9, 17 bytes
System Slot Information
	Designation: PCIE1
	Type: x16 PCI Express 5 x16
	Current Usage: In Use
	Length: Short
	ID: 2
	Characteristics:
		3.3 V is provided
		Opening is shared
		PME signal is supported
	Bus Address: 0000:76:00.0

Handle 0x007A, DMI type 9, 17 bytes
System Slot Information
	Designation: PCIE2
	Type: x16 PCI Express 5 x16
	Current Usage: In Use
	Length: Short
	ID: 3
	Characteristics:
		3.3 V is provided
		Opening is shared
		PME signal is supported
	Bus Address: 0000:75:00.0

Handle 0x007B, DMI type 9, 17 bytes
System Slot Information
	Designation: PCIE3
	Type: x16 PCI Express 5 x16
	Current Usage: In Use
	Length: Short
	ID: 4
	Characteristics:
		3.3 V is provided
		Opening is shared
		PME signal is supported
	Bus Address: 0000:06:00.0

Handle 0x007C, DMI type 9, 17 bytes
System Slot Information
	Designation: PCIE4
	Type: x16 PCI Express 5 x16
	Current Usage: In Use
	Length: Short
	ID: 5
	Characteristics:
		3.3 V is provided
		Opening is shared
		PME signal is supported
	Bus Address: 0000:07:00.0

Handle 0x007D, DMI type 9, 17 bytes
System Slot Information
	Designation: PCIE5
	Type: x16 PCI Express 5 x16
	Current Usage: In Use
	Length: Short
	ID: 6
	Characteristics:
		3.3 V is provided
		Opening is shared
		PME signal is supported
	Bus Address: 0000:f5:00.0

Handle 0x007E, DMI type 9, 17 bytes
System Slot Information
	Designation: PCIE6
	Type: x16 PCI Express 5 x16
	Current Usage: In Use
	Length: Short
	ID: 7
	Characteristics:
		3.3 V is provided
		Opening is shared
		PME signal is supported
	Bus Address: 0000:f4:00.0

Handle 0x007F, DMI type 9, 17 bytes
System Slot Information
	Designation: PCIE7
	Type: x16 PCI Express 5 x16
	Current Usage: In Use
	Length: Short
	ID: 8
	Characteristics:
		3.3 V is provided
		Opening is shared
		PME signal is supported
	Bus Address: 0000:85:00.0

Handle 0x0080, DMI type 9, 17 bytes
System Slot Information
	Designation: PCIE8
	Type: x16 PCI Express 5 x16
	Current Usage: In Use
	Length: Short
	ID: 9
	Characteristics:
		3.3 V is provided
		Opening is shared
		PME signal is supported
	Bus Address: 0000:84:00.0

Handle 0x0081, DMI type 9, 17 bytes
System Slot Information
	Designation: PCIE_NIC1
	Type: x16 PCI Express 5 x16
	Current Usage: In Use
	Length: Short
	ID: 1
	Characteristics:
		3.3 V is provided
		Opening is shared
		PME signal is supported
	Bus Address: 0000:77:00.0

Handle 0x0082, DMI type 9, 17 bytes
System Slot Information
	Designation: PCIE_NIC2
	Type: x8 PCI Express 5 x8
	Current Usage: In Use
	Length: Short
	ID: 10
	Characteristics:
		3.3 V is provided
		Opening is shared
		PME signal is supported
	Bus Address: 0000:03:00.0

Handle 0x0083, DMI type 9, 17 bytes
System Slot Information
	Designation: PCIE_NIC3
	Type: x8 PCI Express 5 x8
	Current Usage: Available
	Length: Short
	ID: 11
	Characteristics:
		3.3 V is provided
		Opening is shared
		PME signal is supported
	Bus Address: 0000:ff:1f.7

Handle 0x0084, DMI type 9, 17 bytes
System Slot Information
	Designation: PCIE_NIC4-f00
	Type: x8 PCI Express 5 x8
	Current Usage: In Use
	Length: Short
	ID: 12
	Characteristics:
		3.3 V is provided
		Opening is shared
		PME signal is supported
	Bus Address: 0000:f3:00.0

Handle 0x0085, DMI type 9, 17 bytes
System Slot Information
	Designation: PCIE_NIC4-f01
	Type: x8 PCI Express 5 x8
	Current Usage: In Use
	Length: Short
	ID: 12
	Characteristics:
		3.3 V is provided
		Opening is shared
		PME signal is supported
	Bus Address: 0000:f3:00.1

Handle 0x0086, DMI type 9, 17 bytes
System Slot Information
	Designation: PCIE_NIC5
	Type: x8 PCI Express 5 x8
	Current Usage: In Use
	Length: Short
	ID: 13
	Characteristics:
		3.3 V is provided
		Opening is shared
		PME signal is supported
	Bus Address: 0000:83:00.0

Handle 0x0087, DMI type 9, 17 bytes
System Slot Information
	Designation: PCIE_NIC6
	Type: x8 PCI Express 5 x8
	Current Usage: Available
	Length: Short
	ID: 14
	Characteristics:
		3.3 V is provided
		Opening is shared
		PME signal is supported
	Bus Address: 0000:ff:1f.7

Handle 0x0088, DMI type 13, 22 bytes
BIOS Language Information
	Language Description Format: Long
	Installable Languages: 1
		en|US|iso8859-1
	Currently Installed Language: en|US|iso8859-1

Handle 0x0089, DMI type 127, 4 bytes
End Of Table

